"2022-03-15 11:31:13,923 WARN  [HikariPool-9 housekeeper] com.zaxxer.hikari.pool.HikariPool : HikariPool-9 - Thread starvation or clock leap detected (housekeeper delta=13h48m44s146ms205µs).
""2022-03-15 12:42:02,742 WARN  [HikariPool-9 housekeeper] com.zaxxer.hikari.pool.HikariPool : HikariPool-9 - Thread starvation or clock leap detected (housekeeper delta=7m17s577ms155µs200ns).
""2022-03-15 16:31:01,857 WARN  [HikariPool-9 housekeeper] com.zaxxer.hikari.pool.HikariPool : HikariPool-9 - Thread starvation or clock leap detected (housekeeper delta=23m55s435ms337µs400ns).
""2022-03-15 17:42:11,443 WARN  [HikariPool-9 housekeeper] com.zaxxer.hikari.pool.HikariPool : HikariPool-9 - Thread starvation or clock leap detected (housekeeper delta=31m8s983ms901µs800ns).
""2022-03-15 18:26:35,641 INFO  [Thread-38] org.springframework.orm.jpa.LocalContainerEntityManagerFactoryBean : Closing JPA EntityManagerFactory for persistence unit 'default'
""2022-03-15 18:26:35,739 INFO  [Thread-38] com.zaxxer.hikari.HikariDataSource : HikariPool-9 - Shutdown initiated...
""2022-03-15 18:26:35,793 INFO  [Thread-38] com.zaxxer.hikari.HikariDataSource : HikariPool-9 - Shutdown completed.
""2022-03-15 18:26:36,904 INFO  [restartedMain] com.Employee.EmployeeManagementApplication : Starting EmployeeManagementApplication using Java 11.0.2 on MGTECHLPT205 with PID 25328 (D:\SPRING\EmployeeManagement\target\classes started by krityangan.rahul in D:\SPRING\EmployeeManagement)
""2022-03-15 18:26:36,905 INFO  [restartedMain] com.Employee.EmployeeManagementApplication : No active profile set, falling back to 1 default profile: "default"
""2022-03-15 18:26:45,598 INFO  [restartedMain] org.springframework.data.repository.config.RepositoryConfigurationDelegate : Bootstrapping Spring Data JPA repositories in DEFAULT mode.
""2022-03-15 18:26:45,947 INFO  [restartedMain] org.springframework.data.repository.config.RepositoryConfigurationDelegate : Finished Spring Data repository scanning in 346 ms. Found 3 JPA repository interfaces.
""2022-03-15 18:26:46,491 INFO  [restartedMain] org.springframework.boot.web.embedded.tomcat.TomcatWebServer : Tomcat initialized with port(s): 8080 (http)
""2022-03-15 18:26:46,493 INFO  [restartedMain] org.apache.catalina.core.StandardService : Starting service [Tomcat]
""2022-03-15 18:26:46,493 INFO  [restartedMain] org.apache.catalina.core.StandardEngine : Starting Servlet engine: [Apache Tomcat/9.0.58]
""2022-03-15 18:26:46,565 INFO  [restartedMain] org.apache.catalina.core.ContainerBase.[Tomcat-1].[localhost].[/] : Initializing Spring embedded WebApplicationContext
""2022-03-15 18:26:46,566 INFO  [restartedMain] org.springframework.boot.web.servlet.context.ServletWebServerApplicationContext : Root WebApplicationContext: initialization completed in 9651 ms
""2022-03-15 18:26:46,719 INFO  [restartedMain] org.hibernate.jpa.internal.util.LogHelper : HHH000204: Processing PersistenceUnitInfo [name: default]
""2022-03-15 18:26:46,730 INFO  [restartedMain] com.zaxxer.hikari.HikariDataSource : HikariPool-10 - Starting...
""2022-03-15 18:26:46,784 INFO  [restartedMain] com.zaxxer.hikari.HikariDataSource : HikariPool-10 - Start completed.
""2022-03-15 18:26:46,785 INFO  [restartedMain] org.hibernate.dialect.Dialect : HHH000400: Using dialect: org.hibernate.dialect.SQLServerDialect
""2022-03-15 18:26:48,785 INFO  [restartedMain] org.hibernate.engine.transaction.jta.platform.internal.JtaPlatformInitiator : HHH000490: Using JtaPlatform implementation: [org.hibernate.engine.transaction.jta.platform.internal.NoJtaPlatform]
""2022-03-15 18:26:48,787 INFO  [restartedMain] org.springframework.orm.jpa.LocalContainerEntityManagerFactoryBean : Initialized JPA EntityManagerFactory for persistence unit 'default'
""2022-03-15 18:26:49,308 WARN  [restartedMain] org.springframework.boot.autoconfigure.orm.jpa.JpaBaseConfiguration$JpaWebConfiguration : spring.jpa.open-in-view is enabled by default. Therefore, database queries may be performed during view rendering. Explicitly configure spring.jpa.open-in-view to disable this warning
""2022-03-15 18:26:49,736 INFO  [restartedMain] org.springframework.boot.devtools.autoconfigure.OptionalLiveReloadServer : LiveReload server is running on port 35729
""2022-03-15 18:26:49,768 INFO  [restartedMain] org.springframework.boot.web.embedded.tomcat.TomcatWebServer : Tomcat started on port(s): 8080 (http) with context path ''
""2022-03-15 18:26:49,784 INFO  [restartedMain] com.Employee.EmployeeManagementApplication : Started EmployeeManagementApplication in 13.154 seconds (JVM running for 83342.512)
""2022-03-15 18:26:49,789 INFO  [restartedMain] org.springframework.boot.devtools.autoconfigure.ConditionEvaluationDeltaLoggingListener : Condition evaluation unchanged
""2022-03-15 18:26:49,793 INFO  [restartedMain] com.Employee.EmployeeManagementApplication : Service Started at port 8080
""2022-03-15 21:20:37,136 WARN  [HikariPool-10 housekeeper] com.zaxxer.hikari.pool.HikariPool : HikariPool-10 - Thread starvation or clock leap detected (housekeeper delta=1h47m19s152ms870µs400ns).
""2022-03-15 23:14:20,973 WARN  [HikariPool-10 housekeeper] com.zaxxer.hikari.pool.HikariPool : HikariPool-10 - Thread starvation or clock leap detected (housekeeper delta=59m42s932ms2µs700ns).
""2022-03-15 23:31:28,198 INFO  [Thread-42] org.springframework.orm.jpa.LocalContainerEntityManagerFactoryBean : Closing JPA EntityManagerFactory for persistence unit 'default'
""2022-03-15 23:31:28,246 INFO  [Thread-42] com.zaxxer.hikari.HikariDataSource : HikariPool-10 - Shutdown initiated...
""2022-03-15 23:31:28,276 INFO  [Thread-42] com.zaxxer.hikari.HikariDataSource : HikariPool-10 - Shutdown completed.
""2022-03-15 23:31:29,136 INFO  [restartedMain] com.Employee.EmployeeManagementApplication : Starting EmployeeManagementApplication using Java 11.0.2 on MGTECHLPT205 with PID 25328 (D:\SPRING\EmployeeManagement\target\classes started by krityangan.rahul in D:\SPRING\EmployeeManagement)
""2022-03-15 23:31:29,137 INFO  [restartedMain] com.Employee.EmployeeManagementApplication : No active profile set, falling back to 1 default profile: "default"
""2022-03-15 23:31:35,447 INFO  [restartedMain] org.springframework.data.repository.config.RepositoryConfigurationDelegate : Bootstrapping Spring Data JPA repositories in DEFAULT mode.
""2022-03-15 23:31:35,650 INFO  [restartedMain] org.springframework.data.repository.config.RepositoryConfigurationDelegate : Finished Spring Data repository scanning in 201 ms. Found 3 JPA repository interfaces.
""2022-03-15 23:31:36,033 INFO  [restartedMain] org.springframework.boot.web.embedded.tomcat.TomcatWebServer : Tomcat initialized with port(s): 8080 (http)
""2022-03-15 23:31:36,035 INFO  [restartedMain] org.apache.catalina.core.StandardService : Starting service [Tomcat]
""2022-03-15 23:31:36,036 INFO  [restartedMain] org.apache.catalina.core.StandardEngine : Starting Servlet engine: [Apache Tomcat/9.0.58]
""2022-03-15 23:31:36,108 INFO  [restartedMain] org.apache.catalina.core.ContainerBase.[Tomcat-1].[localhost].[/] : Initializing Spring embedded WebApplicationContext
""2022-03-15 23:31:36,108 INFO  [restartedMain] org.springframework.boot.web.servlet.context.ServletWebServerApplicationContext : Root WebApplicationContext: initialization completed in 6953 ms
""2022-03-15 23:31:36,218 INFO  [restartedMain] org.hibernate.jpa.internal.util.LogHelper : HHH000204: Processing PersistenceUnitInfo [name: default]
""2022-03-15 23:31:36,232 INFO  [restartedMain] com.zaxxer.hikari.HikariDataSource : HikariPool-11 - Starting...
""2022-03-15 23:31:36,299 INFO  [restartedMain] com.zaxxer.hikari.HikariDataSource : HikariPool-11 - Start completed.
""2022-03-15 23:31:36,300 INFO  [restartedMain] org.hibernate.dialect.Dialect : HHH000400: Using dialect: org.hibernate.dialect.SQLServerDialect
""2022-03-15 23:31:39,231 INFO  [restartedMain] org.hibernate.engine.transaction.jta.platform.internal.JtaPlatformInitiator : HHH000490: Using JtaPlatform implementation: [org.hibernate.engine.transaction.jta.platform.internal.NoJtaPlatform]
""2022-03-15 23:31:39,232 INFO  [restartedMain] org.springframework.orm.jpa.LocalContainerEntityManagerFactoryBean : Initialized JPA EntityManagerFactory for persistence unit 'default'
""2022-03-15 23:31:39,369 WARN  [restartedMain] org.springframework.boot.autoconfigure.orm.jpa.JpaBaseConfiguration$JpaWebConfiguration : spring.jpa.open-in-view is enabled by default. Therefore, database queries may be performed during view rendering. Explicitly configure spring.jpa.open-in-view to disable this warning
""2022-03-15 23:31:39,490 INFO  [restartedMain] org.springframework.boot.devtools.autoconfigure.OptionalLiveReloadServer : LiveReload server is running on port 35729
""2022-03-15 23:31:39,501 INFO  [restartedMain] org.springframework.boot.web.embedded.tomcat.TomcatWebServer : Tomcat started on port(s): 8080 (http) with context path ''
""2022-03-15 23:31:39,505 INFO  [restartedMain] com.Employee.EmployeeManagementApplication : Started EmployeeManagementApplication in 10.469 seconds (JVM running for 101632.335)
""2022-03-15 23:31:39,506 INFO  [restartedMain] org.springframework.boot.devtools.autoconfigure.ConditionEvaluationDeltaLoggingListener : Condition evaluation unchanged
""2022-03-15 23:31:39,507 INFO  [restartedMain] com.Employee.EmployeeManagementApplication : Service Started at port 8080
""2022-03-15 23:33:48,265 INFO  [Thread-46] org.springframework.orm.jpa.LocalContainerEntityManagerFactoryBean : Closing JPA EntityManagerFactory for persistence unit 'default'
""2022-03-15 23:33:48,271 INFO  [Thread-46] com.zaxxer.hikari.HikariDataSource : HikariPool-11 - Shutdown initiated...
""2022-03-15 23:33:48,281 INFO  [Thread-46] com.zaxxer.hikari.HikariDataSource : HikariPool-11 - Shutdown completed.
""2022-03-15 23:33:48,654 INFO  [restartedMain] com.Employee.EmployeeManagementApplication : Starting EmployeeManagementApplication using Java 11.0.2 on MGTECHLPT205 with PID 25328 (D:\SPRING\EmployeeManagement\target\classes started by krityangan.rahul in D:\SPRING\EmployeeManagement)
""2022-03-15 23:33:48,655 INFO  [restartedMain] com.Employee.EmployeeManagementApplication : No active profile set, falling back to 1 default profile: "default"
""2022-03-15 23:33:52,623 INFO  [restartedMain] org.springframework.data.repository.config.RepositoryConfigurationDelegate : Bootstrapping Spring Data JPA repositories in DEFAULT mode.
""2022-03-15 23:33:52,936 INFO  [restartedMain] org.springframework.data.repository.config.RepositoryConfigurationDelegate : Finished Spring Data repository scanning in 312 ms. Found 3 JPA repository interfaces.
""2022-03-15 23:33:53,234 INFO  [restartedMain] org.springframework.boot.web.embedded.tomcat.TomcatWebServer : Tomcat initialized with port(s): 8080 (http)
""2022-03-15 23:33:53,236 INFO  [restartedMain] org.apache.catalina.core.StandardService : Starting service [Tomcat]
""2022-03-15 23:33:53,237 INFO  [restartedMain] org.apache.catalina.core.StandardEngine : Starting Servlet engine: [Apache Tomcat/9.0.58]
""2022-03-15 23:33:53,307 INFO  [restartedMain] org.apache.catalina.core.ContainerBase.[Tomcat-1].[localhost].[/] : Initializing Spring embedded WebApplicationContext
""2022-03-15 23:33:53,307 INFO  [restartedMain] org.springframework.boot.web.servlet.context.ServletWebServerApplicationContext : Root WebApplicationContext: initialization completed in 4648 ms
""2022-03-15 23:33:53,357 INFO  [restartedMain] org.hibernate.jpa.internal.util.LogHelper : HHH000204: Processing PersistenceUnitInfo [name: default]
""2022-03-15 23:33:53,365 INFO  [restartedMain] com.zaxxer.hikari.HikariDataSource : HikariPool-12 - Starting...
""2022-03-15 23:33:53,396 INFO  [restartedMain] com.zaxxer.hikari.HikariDataSource : HikariPool-12 - Start completed.
""2022-03-15 23:33:53,396 INFO  [restartedMain] org.hibernate.dialect.Dialect : HHH000400: Using dialect: org.hibernate.dialect.SQLServerDialect
""2022-03-15 23:33:55,106 INFO  [restartedMain] org.hibernate.engine.transaction.jta.platform.internal.JtaPlatformInitiator : HHH000490: Using JtaPlatform implementation: [org.hibernate.engine.transaction.jta.platform.internal.NoJtaPlatform]
""2022-03-15 23:33:55,106 INFO  [restartedMain] org.springframework.orm.jpa.LocalContainerEntityManagerFactoryBean : Initialized JPA EntityManagerFactory for persistence unit 'default'
""2022-03-15 23:33:55,392 WARN  [restartedMain] org.springframework.boot.autoconfigure.orm.jpa.JpaBaseConfiguration$JpaWebConfiguration : spring.jpa.open-in-view is enabled by default. Therefore, database queries may be performed during view rendering. Explicitly configure spring.jpa.open-in-view to disable this warning
""2022-03-15 23:33:55,581 INFO  [restartedMain] org.springframework.boot.devtools.autoconfigure.OptionalLiveReloadServer : LiveReload server is running on port 35729
""2022-03-15 23:33:55,601 INFO  [restartedMain] org.springframework.boot.web.embedded.tomcat.TomcatWebServer : Tomcat started on port(s): 8080 (http) with context path ''
""2022-03-15 23:33:55,607 INFO  [restartedMain] com.Employee.EmployeeManagementApplication : Started EmployeeManagementApplication in 7.08 seconds (JVM running for 101768.438)
""2022-03-15 23:33:55,610 INFO  [restartedMain] org.springframework.boot.devtools.autoconfigure.ConditionEvaluationDeltaLoggingListener : Condition evaluation unchanged
""2022-03-15 23:33:55,611 INFO  [restartedMain] com.Employee.EmployeeManagementApplication : Service Started at port 8080
""2022-03-15 23:34:38,464 INFO  [Thread-50] org.springframework.orm.jpa.LocalContainerEntityManagerFactoryBean : Closing JPA EntityManagerFactory for persistence unit 'default'
""2022-03-15 23:34:38,470 INFO  [Thread-50] com.zaxxer.hikari.HikariDataSource : HikariPool-12 - Shutdown initiated...
""2022-03-15 23:34:38,485 INFO  [Thread-50] com.zaxxer.hikari.HikariDataSource : HikariPool-12 - Shutdown completed.
""2022-03-15 23:34:38,822 INFO  [restartedMain] com.Employee.EmployeeManagementApplication : Starting EmployeeManagementApplication using Java 11.0.2 on MGTECHLPT205 with PID 25328 (D:\SPRING\EmployeeManagement\target\classes started by krityangan.rahul in D:\SPRING\EmployeeManagement)
""2022-03-15 23:34:38,822 INFO  [restartedMain] com.Employee.EmployeeManagementApplication : No active profile set, falling back to 1 default profile: "default"
""2022-03-15 23:34:43,309 INFO  [restartedMain] org.springframework.data.repository.config.RepositoryConfigurationDelegate : Bootstrapping Spring Data JPA repositories in DEFAULT mode.
""2022-03-15 23:34:43,568 INFO  [restartedMain] org.springframework.data.repository.config.RepositoryConfigurationDelegate : Finished Spring Data repository scanning in 258 ms. Found 3 JPA repository interfaces.
""2022-03-15 23:34:43,933 INFO  [restartedMain] org.springframework.boot.web.embedded.tomcat.TomcatWebServer : Tomcat initialized with port(s): 8080 (http)
""2022-03-15 23:34:43,935 INFO  [restartedMain] org.apache.catalina.core.StandardService : Starting service [Tomcat]
""2022-03-15 23:34:43,935 INFO  [restartedMain] org.apache.catalina.core.StandardEngine : Starting Servlet engine: [Apache Tomcat/9.0.58]
""2022-03-15 23:34:43,973 INFO  [restartedMain] org.apache.catalina.core.ContainerBase.[Tomcat-1].[localhost].[/] : Initializing Spring embedded WebApplicationContext
""2022-03-15 23:34:43,974 INFO  [restartedMain] org.springframework.boot.web.servlet.context.ServletWebServerApplicationContext : Root WebApplicationContext: initialization completed in 5145 ms
""2022-03-15 23:34:44,045 INFO  [restartedMain] org.hibernate.jpa.internal.util.LogHelper : HHH000204: Processing PersistenceUnitInfo [name: default]
""2022-03-15 23:34:44,052 INFO  [restartedMain] com.zaxxer.hikari.HikariDataSource : HikariPool-13 - Starting...
""2022-03-15 23:34:44,091 INFO  [restartedMain] com.zaxxer.hikari.HikariDataSource : HikariPool-13 - Start completed.
""2022-03-15 23:34:44,091 INFO  [restartedMain] org.hibernate.dialect.Dialect : HHH000400: Using dialect: org.hibernate.dialect.SQLServerDialect
""2022-03-15 23:34:44,626 INFO  [restartedMain] org.hibernate.engine.transaction.jta.platform.internal.JtaPlatformInitiator : HHH000490: Using JtaPlatform implementation: [org.hibernate.engine.transaction.jta.platform.internal.NoJtaPlatform]
""2022-03-15 23:34:44,627 INFO  [restartedMain] org.springframework.orm.jpa.LocalContainerEntityManagerFactoryBean : Initialized JPA EntityManagerFactory for persistence unit 'default'
""2022-03-15 23:34:44,863 WARN  [restartedMain] org.springframework.boot.autoconfigure.orm.jpa.JpaBaseConfiguration$JpaWebConfiguration : spring.jpa.open-in-view is enabled by default. Therefore, database queries may be performed during view rendering. Explicitly configure spring.jpa.open-in-view to disable this warning
""2022-03-15 23:34:44,953 INFO  [restartedMain] org.springframework.boot.devtools.autoconfigure.OptionalLiveReloadServer : LiveReload server is running on port 35729
""2022-03-15 23:34:44,965 INFO  [restartedMain] org.springframework.boot.web.embedded.tomcat.TomcatWebServer : Tomcat started on port(s): 8080 (http) with context path ''
""2022-03-15 23:34:44,970 INFO  [restartedMain] com.Employee.EmployeeManagementApplication : Started EmployeeManagementApplication in 6.276 seconds (JVM running for 101817.8)
""2022-03-15 23:34:44,971 INFO  [restartedMain] org.springframework.boot.devtools.autoconfigure.ConditionEvaluationDeltaLoggingListener : Condition evaluation unchanged
""2022-03-15 23:34:44,971 INFO  [restartedMain] com.Employee.EmployeeManagementApplication : Service Started at port 8080
""2022-03-15 23:35:15,724 INFO  [Thread-54] org.springframework.orm.jpa.LocalContainerEntityManagerFactoryBean : Closing JPA EntityManagerFactory for persistence unit 'default'
""2022-03-15 23:35:15,730 INFO  [Thread-54] com.zaxxer.hikari.HikariDataSource : HikariPool-13 - Shutdown initiated...
""2022-03-15 23:35:15,746 INFO  [Thread-54] com.zaxxer.hikari.HikariDataSource : HikariPool-13 - Shutdown completed.
""2022-03-15 23:35:16,066 INFO  [restartedMain] com.Employee.EmployeeManagementApplication : Starting EmployeeManagementApplication using Java 11.0.2 on MGTECHLPT205 with PID 25328 (D:\SPRING\EmployeeManagement\target\classes started by krityangan.rahul in D:\SPRING\EmployeeManagement)
""2022-03-15 23:35:16,067 INFO  [restartedMain] com.Employee.EmployeeManagementApplication : No active profile set, falling back to 1 default profile: "default"
""2022-03-15 23:35:20,540 INFO  [restartedMain] org.springframework.data.repository.config.RepositoryConfigurationDelegate : Bootstrapping Spring Data JPA repositories in DEFAULT mode.
""2022-03-15 23:35:20,721 INFO  [restartedMain] org.springframework.data.repository.config.RepositoryConfigurationDelegate : Finished Spring Data repository scanning in 180 ms. Found 3 JPA repository interfaces.
""2022-03-15 23:35:21,016 INFO  [restartedMain] org.springframework.boot.web.embedded.tomcat.TomcatWebServer : Tomcat initialized with port(s): 8080 (http)
""2022-03-15 23:35:21,019 INFO  [restartedMain] org.apache.catalina.core.StandardService : Starting service [Tomcat]
""2022-03-15 23:35:21,019 INFO  [restartedMain] org.apache.catalina.core.StandardEngine : Starting Servlet engine: [Apache Tomcat/9.0.58]
""2022-03-15 23:35:21,097 INFO  [restartedMain] org.apache.catalina.core.ContainerBase.[Tomcat-1].[localhost].[/] : Initializing Spring embedded WebApplicationContext
""2022-03-15 23:35:21,099 INFO  [restartedMain] org.springframework.boot.web.servlet.context.ServletWebServerApplicationContext : Root WebApplicationContext: initialization completed in 5027 ms
""2022-03-15 23:35:21,215 INFO  [restartedMain] org.hibernate.jpa.internal.util.LogHelper : HHH000204: Processing PersistenceUnitInfo [name: default]
""2022-03-15 23:35:21,226 INFO  [restartedMain] com.zaxxer.hikari.HikariDataSource : HikariPool-14 - Starting...
""2022-03-15 23:35:21,296 INFO  [restartedMain] com.zaxxer.hikari.HikariDataSource : HikariPool-14 - Start completed.
""2022-03-15 23:35:21,297 INFO  [restartedMain] org.hibernate.dialect.Dialect : HHH000400: Using dialect: org.hibernate.dialect.SQLServerDialect
""2022-03-15 23:35:22,644 INFO  [restartedMain] org.hibernate.engine.transaction.jta.platform.internal.JtaPlatformInitiator : HHH000490: Using JtaPlatform implementation: [org.hibernate.engine.transaction.jta.platform.internal.NoJtaPlatform]
""2022-03-15 23:35:22,646 INFO  [restartedMain] org.springframework.orm.jpa.LocalContainerEntityManagerFactoryBean : Initialized JPA EntityManagerFactory for persistence unit 'default'
""2022-03-15 23:35:22,879 WARN  [restartedMain] org.springframework.boot.autoconfigure.orm.jpa.JpaBaseConfiguration$JpaWebConfiguration : spring.jpa.open-in-view is enabled by default. Therefore, database queries may be performed during view rendering. Explicitly configure spring.jpa.open-in-view to disable this warning
""2022-03-15 23:35:23,049 INFO  [restartedMain] org.springframework.boot.devtools.autoconfigure.OptionalLiveReloadServer : LiveReload server is running on port 35729
""2022-03-15 23:35:23,067 INFO  [restartedMain] org.springframework.boot.web.embedded.tomcat.TomcatWebServer : Tomcat started on port(s): 8080 (http) with context path ''
""2022-03-15 23:35:23,075 INFO  [restartedMain] com.Employee.EmployeeManagementApplication : Started EmployeeManagementApplication in 7.121 seconds (JVM running for 101855.905)
""2022-03-15 23:35:23,077 INFO  [restartedMain] org.springframework.boot.devtools.autoconfigure.ConditionEvaluationDeltaLoggingListener : Condition evaluation unchanged
""2022-03-15 23:35:23,078 INFO  [restartedMain] com.Employee.EmployeeManagementApplication : Service Started at port 8080
""2022-03-15 23:36:04,622 INFO  [Thread-58] org.springframework.orm.jpa.LocalContainerEntityManagerFactoryBean : Closing JPA EntityManagerFactory for persistence unit 'default'
""2022-03-15 23:36:04,625 INFO  [Thread-58] com.zaxxer.hikari.HikariDataSource : HikariPool-14 - Shutdown initiated...
""2022-03-15 23:36:04,636 INFO  [Thread-58] com.zaxxer.hikari.HikariDataSource : HikariPool-14 - Shutdown completed.
""2022-03-15 23:36:04,951 INFO  [restartedMain] com.Employee.EmployeeManagementApplication : Starting EmployeeManagementApplication using Java 11.0.2 on MGTECHLPT205 with PID 25328 (D:\SPRING\EmployeeManagement\target\classes started by krityangan.rahul in D:\SPRING\EmployeeManagement)
""2022-03-15 23:36:04,952 INFO  [restartedMain] com.Employee.EmployeeManagementApplication : No active profile set, falling back to 1 default profile: "default"
""2022-03-15 23:36:09,167 INFO  [restartedMain] org.springframework.data.repository.config.RepositoryConfigurationDelegate : Bootstrapping Spring Data JPA repositories in DEFAULT mode.
""2022-03-15 23:36:09,293 INFO  [restartedMain] org.springframework.data.repository.config.RepositoryConfigurationDelegate : Finished Spring Data repository scanning in 125 ms. Found 3 JPA repository interfaces.
""2022-03-15 23:36:09,442 INFO  [restartedMain] org.springframework.boot.web.embedded.tomcat.TomcatWebServer : Tomcat initialized with port(s): 8080 (http)
""2022-03-15 23:36:09,443 INFO  [restartedMain] org.apache.catalina.core.StandardService : Starting service [Tomcat]
""2022-03-15 23:36:09,444 INFO  [restartedMain] org.apache.catalina.core.StandardEngine : Starting Servlet engine: [Apache Tomcat/9.0.58]
""2022-03-15 23:36:09,487 INFO  [restartedMain] org.apache.catalina.core.ContainerBase.[Tomcat-1].[localhost].[/] : Initializing Spring embedded WebApplicationContext
""2022-03-15 23:36:09,487 INFO  [restartedMain] org.springframework.boot.web.servlet.context.ServletWebServerApplicationContext : Root WebApplicationContext: initialization completed in 4513 ms
""2022-03-15 23:36:09,545 INFO  [restartedMain] org.hibernate.jpa.internal.util.LogHelper : HHH000204: Processing PersistenceUnitInfo [name: default]
""2022-03-15 23:36:09,551 INFO  [restartedMain] com.zaxxer.hikari.HikariDataSource : HikariPool-15 - Starting...
""2022-03-15 23:36:09,598 INFO  [restartedMain] com.zaxxer.hikari.HikariDataSource : HikariPool-15 - Start completed.
""2022-03-15 23:36:09,599 INFO  [restartedMain] org.hibernate.dialect.Dialect : HHH000400: Using dialect: org.hibernate.dialect.SQLServerDialect
""2022-03-15 23:36:10,528 INFO  [restartedMain] org.hibernate.engine.transaction.jta.platform.internal.JtaPlatformInitiator : HHH000490: Using JtaPlatform implementation: [org.hibernate.engine.transaction.jta.platform.internal.NoJtaPlatform]
""2022-03-15 23:36:10,529 INFO  [restartedMain] org.springframework.orm.jpa.LocalContainerEntityManagerFactoryBean : Initialized JPA EntityManagerFactory for persistence unit 'default'
""2022-03-15 23:36:10,691 WARN  [restartedMain] org.springframework.boot.autoconfigure.orm.jpa.JpaBaseConfiguration$JpaWebConfiguration : spring.jpa.open-in-view is enabled by default. Therefore, database queries may be performed during view rendering. Explicitly configure spring.jpa.open-in-view to disable this warning
""2022-03-15 23:36:10,864 INFO  [restartedMain] org.springframework.boot.devtools.autoconfigure.OptionalLiveReloadServer : LiveReload server is running on port 35729
""2022-03-15 23:36:10,925 INFO  [restartedMain] org.springframework.boot.web.embedded.tomcat.TomcatWebServer : Tomcat started on port(s): 8080 (http) with context path ''
""2022-03-15 23:36:10,936 INFO  [restartedMain] com.Employee.EmployeeManagementApplication : Started EmployeeManagementApplication in 6.114 seconds (JVM running for 101903.767)
""2022-03-15 23:36:10,941 INFO  [restartedMain] org.springframework.boot.devtools.autoconfigure.ConditionEvaluationDeltaLoggingListener : Condition evaluation unchanged
""2022-03-15 23:36:10,941 INFO  [restartedMain] com.Employee.EmployeeManagementApplication : Service Started at port 8080
""2022-03-15 23:36:13,664 INFO  [Thread-62] org.springframework.orm.jpa.LocalContainerEntityManagerFactoryBean : Closing JPA EntityManagerFactory for persistence unit 'default'
""2022-03-15 23:36:13,669 INFO  [Thread-62] com.zaxxer.hikari.HikariDataSource : HikariPool-15 - Shutdown initiated...
""2022-03-15 23:36:13,684 INFO  [Thread-62] com.zaxxer.hikari.HikariDataSource : HikariPool-15 - Shutdown completed.
""2022-03-15 23:36:14,045 INFO  [restartedMain] com.Employee.EmployeeManagementApplication : Starting EmployeeManagementApplication using Java 11.0.2 on MGTECHLPT205 with PID 25328 (D:\SPRING\EmployeeManagement\target\classes started by krityangan.rahul in D:\SPRING\EmployeeManagement)
""2022-03-15 23:36:14,046 INFO  [restartedMain] com.Employee.EmployeeManagementApplication : No active profile set, falling back to 1 default profile: "default"
""2022-03-15 23:36:19,459 INFO  [restartedMain] org.springframework.data.repository.config.RepositoryConfigurationDelegate : Bootstrapping Spring Data JPA repositories in DEFAULT mode.
""2022-03-15 23:36:19,680 INFO  [restartedMain] org.springframework.data.repository.config.RepositoryConfigurationDelegate : Finished Spring Data repository scanning in 219 ms. Found 3 JPA repository interfaces.
""2022-03-15 23:36:19,961 INFO  [restartedMain] org.springframework.boot.web.embedded.tomcat.TomcatWebServer : Tomcat initialized with port(s): 8080 (http)
""2022-03-15 23:36:19,963 INFO  [restartedMain] org.apache.catalina.core.StandardService : Starting service [Tomcat]
""2022-03-15 23:36:19,964 INFO  [restartedMain] org.apache.catalina.core.StandardEngine : Starting Servlet engine: [Apache Tomcat/9.0.58]
""2022-03-15 23:36:20,052 INFO  [restartedMain] org.apache.catalina.core.ContainerBase.[Tomcat-1].[localhost].[/] : Initializing Spring embedded WebApplicationContext
""2022-03-15 23:36:20,053 INFO  [restartedMain] org.springframework.boot.web.servlet.context.ServletWebServerApplicationContext : Root WebApplicationContext: initialization completed in 5997 ms
""2022-03-15 23:36:20,181 INFO  [restartedMain] org.hibernate.jpa.internal.util.LogHelper : HHH000204: Processing PersistenceUnitInfo [name: default]
""2022-03-15 23:36:20,194 INFO  [restartedMain] com.zaxxer.hikari.HikariDataSource : HikariPool-16 - Starting...
""2022-03-15 23:36:20,230 INFO  [restartedMain] com.zaxxer.hikari.HikariDataSource : HikariPool-16 - Start completed.
""2022-03-15 23:36:20,231 INFO  [restartedMain] org.hibernate.dialect.Dialect : HHH000400: Using dialect: org.hibernate.dialect.SQLServerDialect
""2022-03-15 23:36:20,431 INFO  [restartedMain] org.hibernate.engine.transaction.jta.platform.internal.JtaPlatformInitiator : HHH000490: Using JtaPlatform implementation: [org.hibernate.engine.transaction.jta.platform.internal.NoJtaPlatform]
""2022-03-15 23:36:20,431 INFO  [restartedMain] org.springframework.orm.jpa.LocalContainerEntityManagerFactoryBean : Initialized JPA EntityManagerFactory for persistence unit 'default'
""2022-03-15 23:36:20,616 WARN  [restartedMain] org.springframework.boot.autoconfigure.orm.jpa.JpaBaseConfiguration$JpaWebConfiguration : spring.jpa.open-in-view is enabled by default. Therefore, database queries may be performed during view rendering. Explicitly configure spring.jpa.open-in-view to disable this warning
""2022-03-15 23:36:20,725 INFO  [restartedMain] org.springframework.boot.devtools.autoconfigure.OptionalLiveReloadServer : LiveReload server is running on port 35729
""2022-03-15 23:36:20,737 INFO  [restartedMain] org.springframework.boot.web.embedded.tomcat.TomcatWebServer : Tomcat started on port(s): 8080 (http) with context path ''
""2022-03-15 23:36:20,741 INFO  [restartedMain] com.Employee.EmployeeManagementApplication : Started EmployeeManagementApplication in 6.816 seconds (JVM running for 101913.572)
""2022-03-15 23:36:20,742 INFO  [restartedMain] org.springframework.boot.devtools.autoconfigure.ConditionEvaluationDeltaLoggingListener : Condition evaluation unchanged
""2022-03-15 23:36:20,743 INFO  [restartedMain] com.Employee.EmployeeManagementApplication : Service Started at port 8080
""2022-03-15 23:36:46,198 INFO  [Thread-66] org.springframework.orm.jpa.LocalContainerEntityManagerFactoryBean : Closing JPA EntityManagerFactory for persistence unit 'default'
""2022-03-15 23:36:46,200 INFO  [Thread-66] com.zaxxer.hikari.HikariDataSource : HikariPool-16 - Shutdown initiated...
""2022-03-15 23:36:46,207 INFO  [Thread-66] com.zaxxer.hikari.HikariDataSource : HikariPool-16 - Shutdown completed.
""2022-03-15 23:36:46,411 INFO  [restartedMain] com.Employee.EmployeeManagementApplication : Starting EmployeeManagementApplication using Java 11.0.2 on MGTECHLPT205 with PID 25328 (D:\SPRING\EmployeeManagement\target\classes started by krityangan.rahul in D:\SPRING\EmployeeManagement)
""2022-03-15 23:36:46,412 INFO  [restartedMain] com.Employee.EmployeeManagementApplication : No active profile set, falling back to 1 default profile: "default"
""2022-03-15 23:36:50,419 INFO  [restartedMain] org.springframework.data.repository.config.RepositoryConfigurationDelegate : Bootstrapping Spring Data JPA repositories in DEFAULT mode.
""2022-03-15 23:36:50,731 INFO  [restartedMain] org.springframework.data.repository.config.RepositoryConfigurationDelegate : Finished Spring Data repository scanning in 311 ms. Found 3 JPA repository interfaces.
""2022-03-15 23:36:50,901 INFO  [restartedMain] org.springframework.boot.web.embedded.tomcat.TomcatWebServer : Tomcat initialized with port(s): 8080 (http)
""2022-03-15 23:36:50,902 INFO  [restartedMain] org.apache.catalina.core.StandardService : Starting service [Tomcat]
""2022-03-15 23:36:50,903 INFO  [restartedMain] org.apache.catalina.core.StandardEngine : Starting Servlet engine: [Apache Tomcat/9.0.58]
""2022-03-15 23:36:50,956 INFO  [restartedMain] org.apache.catalina.core.ContainerBase.[Tomcat-1].[localhost].[/] : Initializing Spring embedded WebApplicationContext
""2022-03-15 23:36:50,956 INFO  [restartedMain] org.springframework.boot.web.servlet.context.ServletWebServerApplicationContext : Root WebApplicationContext: initialization completed in 4541 ms
""2022-03-15 23:36:51,048 INFO  [restartedMain] org.hibernate.jpa.internal.util.LogHelper : HHH000204: Processing PersistenceUnitInfo [name: default]
""2022-03-15 23:36:51,056 INFO  [restartedMain] com.zaxxer.hikari.HikariDataSource : HikariPool-17 - Starting...
""2022-03-15 23:36:51,102 INFO  [restartedMain] com.zaxxer.hikari.HikariDataSource : HikariPool-17 - Start completed.
""2022-03-15 23:36:51,103 INFO  [restartedMain] org.hibernate.dialect.Dialect : HHH000400: Using dialect: org.hibernate.dialect.SQLServerDialect
""2022-03-15 23:36:51,335 INFO  [restartedMain] org.hibernate.engine.transaction.jta.platform.internal.JtaPlatformInitiator : HHH000490: Using JtaPlatform implementation: [org.hibernate.engine.transaction.jta.platform.internal.NoJtaPlatform]
""2022-03-15 23:36:51,335 INFO  [restartedMain] org.springframework.orm.jpa.LocalContainerEntityManagerFactoryBean : Initialized JPA EntityManagerFactory for persistence unit 'default'
""2022-03-15 23:36:51,533 WARN  [restartedMain] org.springframework.boot.autoconfigure.orm.jpa.JpaBaseConfiguration$JpaWebConfiguration : spring.jpa.open-in-view is enabled by default. Therefore, database queries may be performed during view rendering. Explicitly configure spring.jpa.open-in-view to disable this warning
""2022-03-15 23:36:51,635 INFO  [restartedMain] org.springframework.boot.devtools.autoconfigure.OptionalLiveReloadServer : LiveReload server is running on port 35729
""2022-03-15 23:36:51,646 INFO  [restartedMain] org.springframework.boot.web.embedded.tomcat.TomcatWebServer : Tomcat started on port(s): 8080 (http) with context path ''
""2022-03-15 23:36:51,651 INFO  [restartedMain] com.Employee.EmployeeManagementApplication : Started EmployeeManagementApplication in 5.322 seconds (JVM running for 101944.482)
""2022-03-15 23:36:51,652 INFO  [restartedMain] org.springframework.boot.devtools.autoconfigure.ConditionEvaluationDeltaLoggingListener : Condition evaluation unchanged
""2022-03-15 23:36:51,654 INFO  [restartedMain] com.Employee.EmployeeManagementApplication : Service Started at port 8080
""2022-03-15 23:36:58,242 INFO  [Thread-70] org.springframework.orm.jpa.LocalContainerEntityManagerFactoryBean : Closing JPA EntityManagerFactory for persistence unit 'default'
""2022-03-15 23:36:58,245 INFO  [Thread-70] com.zaxxer.hikari.HikariDataSource : HikariPool-17 - Shutdown initiated...
""2022-03-15 23:36:58,252 INFO  [Thread-70] com.zaxxer.hikari.HikariDataSource : HikariPool-17 - Shutdown completed.
""2022-03-15 23:36:58,432 INFO  [restartedMain] com.Employee.EmployeeManagementApplication : Starting EmployeeManagementApplication using Java 11.0.2 on MGTECHLPT205 with PID 25328 (D:\SPRING\EmployeeManagement\target\classes started by krityangan.rahul in D:\SPRING\EmployeeManagement)
""2022-03-15 23:36:58,432 INFO  [restartedMain] com.Employee.EmployeeManagementApplication : No active profile set, falling back to 1 default profile: "default"
""2022-03-15 23:37:03,663 INFO  [restartedMain] org.springframework.data.repository.config.RepositoryConfigurationDelegate : Bootstrapping Spring Data JPA repositories in DEFAULT mode.
""2022-03-15 23:37:03,870 INFO  [restartedMain] org.springframework.data.repository.config.RepositoryConfigurationDelegate : Finished Spring Data repository scanning in 206 ms. Found 3 JPA repository interfaces.
""2022-03-15 23:37:04,133 INFO  [restartedMain] org.springframework.boot.web.embedded.tomcat.TomcatWebServer : Tomcat initialized with port(s): 8080 (http)
""2022-03-15 23:37:04,135 INFO  [restartedMain] org.apache.catalina.core.StandardService : Starting service [Tomcat]
""2022-03-15 23:37:04,135 INFO  [restartedMain] org.apache.catalina.core.StandardEngine : Starting Servlet engine: [Apache Tomcat/9.0.58]
""2022-03-15 23:37:04,212 INFO  [restartedMain] org.apache.catalina.core.ContainerBase.[Tomcat-1].[localhost].[/] : Initializing Spring embedded WebApplicationContext
""2022-03-15 23:37:04,213 INFO  [restartedMain] org.springframework.boot.web.servlet.context.ServletWebServerApplicationContext : Root WebApplicationContext: initialization completed in 5777 ms
""2022-03-15 23:37:04,344 INFO  [restartedMain] org.hibernate.jpa.internal.util.LogHelper : HHH000204: Processing PersistenceUnitInfo [name: default]
""2022-03-15 23:37:04,357 INFO  [restartedMain] com.zaxxer.hikari.HikariDataSource : HikariPool-18 - Starting...
""2022-03-15 23:37:04,415 INFO  [restartedMain] com.zaxxer.hikari.HikariDataSource : HikariPool-18 - Start completed.
""2022-03-15 23:37:04,416 INFO  [restartedMain] org.hibernate.dialect.Dialect : HHH000400: Using dialect: org.hibernate.dialect.SQLServerDialect
""2022-03-15 23:37:04,823 INFO  [restartedMain] org.hibernate.engine.transaction.jta.platform.internal.JtaPlatformInitiator : HHH000490: Using JtaPlatform implementation: [org.hibernate.engine.transaction.jta.platform.internal.NoJtaPlatform]
""2022-03-15 23:37:04,825 INFO  [restartedMain] org.springframework.orm.jpa.LocalContainerEntityManagerFactoryBean : Initialized JPA EntityManagerFactory for persistence unit 'default'
""2022-03-15 23:37:05,143 WARN  [restartedMain] org.springframework.boot.autoconfigure.orm.jpa.JpaBaseConfiguration$JpaWebConfiguration : spring.jpa.open-in-view is enabled by default. Therefore, database queries may be performed during view rendering. Explicitly configure spring.jpa.open-in-view to disable this warning
""2022-03-15 23:37:05,279 INFO  [restartedMain] org.springframework.boot.devtools.autoconfigure.OptionalLiveReloadServer : LiveReload server is running on port 35729
""2022-03-15 23:37:05,292 INFO  [restartedMain] org.springframework.boot.web.embedded.tomcat.TomcatWebServer : Tomcat started on port(s): 8080 (http) with context path ''
""2022-03-15 23:37:05,298 INFO  [restartedMain] com.Employee.EmployeeManagementApplication : Started EmployeeManagementApplication in 6.938 seconds (JVM running for 101958.128)
""2022-03-15 23:37:05,300 INFO  [restartedMain] org.springframework.boot.devtools.autoconfigure.ConditionEvaluationDeltaLoggingListener : Condition evaluation unchanged
""2022-03-15 23:37:05,301 INFO  [restartedMain] com.Employee.EmployeeManagementApplication : Service Started at port 8080
""2022-03-15 23:37:24,487 INFO  [Thread-74] org.springframework.orm.jpa.LocalContainerEntityManagerFactoryBean : Closing JPA EntityManagerFactory for persistence unit 'default'
""2022-03-15 23:37:24,492 INFO  [Thread-74] com.zaxxer.hikari.HikariDataSource : HikariPool-18 - Shutdown initiated...
""2022-03-15 23:37:24,505 INFO  [Thread-74] com.zaxxer.hikari.HikariDataSource : HikariPool-18 - Shutdown completed.
""2022-03-15 23:37:24,823 INFO  [restartedMain] com.Employee.EmployeeManagementApplication : Starting EmployeeManagementApplication using Java 11.0.2 on MGTECHLPT205 with PID 25328 (D:\SPRING\EmployeeManagement\target\classes started by krityangan.rahul in D:\SPRING\EmployeeManagement)
""2022-03-15 23:37:24,824 INFO  [restartedMain] com.Employee.EmployeeManagementApplication : No active profile set, falling back to 1 default profile: "default"
""2022-03-15 23:37:30,428 INFO  [restartedMain] org.springframework.data.repository.config.RepositoryConfigurationDelegate : Bootstrapping Spring Data JPA repositories in DEFAULT mode.
""2022-03-15 23:37:30,639 INFO  [restartedMain] org.springframework.data.repository.config.RepositoryConfigurationDelegate : Finished Spring Data repository scanning in 210 ms. Found 3 JPA repository interfaces.
""2022-03-15 23:37:30,786 INFO  [restartedMain] org.springframework.boot.web.embedded.tomcat.TomcatWebServer : Tomcat initialized with port(s): 8080 (http)
""2022-03-15 23:37:30,787 INFO  [restartedMain] org.apache.catalina.core.StandardService : Starting service [Tomcat]
""2022-03-15 23:37:30,787 INFO  [restartedMain] org.apache.catalina.core.StandardEngine : Starting Servlet engine: [Apache Tomcat/9.0.58]
""2022-03-15 23:37:30,834 INFO  [restartedMain] org.apache.catalina.core.ContainerBase.[Tomcat-1].[localhost].[/] : Initializing Spring embedded WebApplicationContext
""2022-03-15 23:37:30,841 INFO  [restartedMain] org.springframework.boot.web.servlet.context.ServletWebServerApplicationContext : Root WebApplicationContext: initialization completed in 6013 ms
""2022-03-15 23:37:30,948 INFO  [restartedMain] org.hibernate.jpa.internal.util.LogHelper : HHH000204: Processing PersistenceUnitInfo [name: default]
""2022-03-15 23:37:30,960 INFO  [restartedMain] com.zaxxer.hikari.HikariDataSource : HikariPool-19 - Starting...
""2022-03-15 23:37:31,025 INFO  [restartedMain] com.zaxxer.hikari.HikariDataSource : HikariPool-19 - Start completed.
""2022-03-15 23:37:31,026 INFO  [restartedMain] org.hibernate.dialect.Dialect : HHH000400: Using dialect: org.hibernate.dialect.SQLServerDialect
""2022-03-15 23:37:32,292 INFO  [restartedMain] org.hibernate.engine.transaction.jta.platform.internal.JtaPlatformInitiator : HHH000490: Using JtaPlatform implementation: [org.hibernate.engine.transaction.jta.platform.internal.NoJtaPlatform]
""2022-03-15 23:37:32,293 INFO  [restartedMain] org.springframework.orm.jpa.LocalContainerEntityManagerFactoryBean : Initialized JPA EntityManagerFactory for persistence unit 'default'
""2022-03-15 23:37:32,549 WARN  [restartedMain] org.springframework.boot.autoconfigure.orm.jpa.JpaBaseConfiguration$JpaWebConfiguration : spring.jpa.open-in-view is enabled by default. Therefore, database queries may be performed during view rendering. Explicitly configure spring.jpa.open-in-view to disable this warning
""2022-03-15 23:37:32,757 INFO  [restartedMain] org.springframework.boot.devtools.autoconfigure.OptionalLiveReloadServer : LiveReload server is running on port 35729
""2022-03-15 23:37:32,779 INFO  [restartedMain] org.springframework.boot.web.embedded.tomcat.TomcatWebServer : Tomcat started on port(s): 8080 (http) with context path ''
""2022-03-15 23:37:32,791 INFO  [restartedMain] com.Employee.EmployeeManagementApplication : Started EmployeeManagementApplication in 8.048 seconds (JVM running for 101985.622)
""2022-03-15 23:37:32,795 INFO  [restartedMain] org.springframework.boot.devtools.autoconfigure.ConditionEvaluationDeltaLoggingListener : Condition evaluation unchanged
""2022-03-15 23:37:32,796 INFO  [restartedMain] com.Employee.EmployeeManagementApplication : Service Started at port 8080
""2022-03-15 23:37:38,832 INFO  [Thread-78] org.springframework.orm.jpa.LocalContainerEntityManagerFactoryBean : Closing JPA EntityManagerFactory for persistence unit 'default'
""2022-03-15 23:37:38,837 INFO  [Thread-78] com.zaxxer.hikari.HikariDataSource : HikariPool-19 - Shutdown initiated...
""2022-03-15 23:37:38,845 INFO  [Thread-78] com.zaxxer.hikari.HikariDataSource : HikariPool-19 - Shutdown completed.
""2022-03-15 23:37:39,022 INFO  [restartedMain] com.Employee.EmployeeManagementApplication : Starting EmployeeManagementApplication using Java 11.0.2 on MGTECHLPT205 with PID 25328 (D:\SPRING\EmployeeManagement\target\classes started by krityangan.rahul in D:\SPRING\EmployeeManagement)
""2022-03-15 23:37:39,023 INFO  [restartedMain] com.Employee.EmployeeManagementApplication : No active profile set, falling back to 1 default profile: "default"
""2022-03-15 23:37:44,344 INFO  [restartedMain] org.springframework.data.repository.config.RepositoryConfigurationDelegate : Bootstrapping Spring Data JPA repositories in DEFAULT mode.
""2022-03-15 23:37:44,562 INFO  [restartedMain] org.springframework.data.repository.config.RepositoryConfigurationDelegate : Finished Spring Data repository scanning in 217 ms. Found 3 JPA repository interfaces.
""2022-03-15 23:37:44,729 INFO  [restartedMain] org.springframework.boot.web.embedded.tomcat.TomcatWebServer : Tomcat initialized with port(s): 8080 (http)
""2022-03-15 23:37:44,730 INFO  [restartedMain] org.apache.catalina.core.StandardService : Starting service [Tomcat]
""2022-03-15 23:37:44,730 INFO  [restartedMain] org.apache.catalina.core.StandardEngine : Starting Servlet engine: [Apache Tomcat/9.0.58]
""2022-03-15 23:37:44,773 INFO  [restartedMain] org.apache.catalina.core.ContainerBase.[Tomcat-1].[localhost].[/] : Initializing Spring embedded WebApplicationContext
""2022-03-15 23:37:44,774 INFO  [restartedMain] org.springframework.boot.web.servlet.context.ServletWebServerApplicationContext : Root WebApplicationContext: initialization completed in 5747 ms
""2022-03-15 23:37:44,836 INFO  [restartedMain] org.hibernate.jpa.internal.util.LogHelper : HHH000204: Processing PersistenceUnitInfo [name: default]
""2022-03-15 23:37:44,842 INFO  [restartedMain] com.zaxxer.hikari.HikariDataSource : HikariPool-20 - Starting...
""2022-03-15 23:37:44,870 INFO  [restartedMain] com.zaxxer.hikari.HikariDataSource : HikariPool-20 - Start completed.
""2022-03-15 23:37:44,871 INFO  [restartedMain] org.hibernate.dialect.Dialect : HHH000400: Using dialect: org.hibernate.dialect.SQLServerDialect
""2022-03-15 23:37:45,135 INFO  [restartedMain] org.hibernate.engine.transaction.jta.platform.internal.JtaPlatformInitiator : HHH000490: Using JtaPlatform implementation: [org.hibernate.engine.transaction.jta.platform.internal.NoJtaPlatform]
""2022-03-15 23:37:45,135 INFO  [restartedMain] org.springframework.orm.jpa.LocalContainerEntityManagerFactoryBean : Initialized JPA EntityManagerFactory for persistence unit 'default'
""2022-03-15 23:37:45,438 WARN  [restartedMain] org.springframework.boot.autoconfigure.orm.jpa.JpaBaseConfiguration$JpaWebConfiguration : spring.jpa.open-in-view is enabled by default. Therefore, database queries may be performed during view rendering. Explicitly configure spring.jpa.open-in-view to disable this warning
""2022-03-15 23:37:45,550 INFO  [restartedMain] org.springframework.boot.devtools.autoconfigure.OptionalLiveReloadServer : LiveReload server is running on port 35729
""2022-03-15 23:37:45,561 INFO  [restartedMain] org.springframework.boot.web.embedded.tomcat.TomcatWebServer : Tomcat started on port(s): 8080 (http) with context path ''
""2022-03-15 23:37:45,565 INFO  [restartedMain] com.Employee.EmployeeManagementApplication : Started EmployeeManagementApplication in 6.608 seconds (JVM running for 101998.396)
""2022-03-15 23:37:45,567 INFO  [restartedMain] org.springframework.boot.devtools.autoconfigure.ConditionEvaluationDeltaLoggingListener : Condition evaluation unchanged
""2022-03-15 23:37:45,568 INFO  [restartedMain] com.Employee.EmployeeManagementApplication : Service Started at port 8080
""2022-03-15 23:38:10,913 INFO  [Thread-82] org.springframework.orm.jpa.LocalContainerEntityManagerFactoryBean : Closing JPA EntityManagerFactory for persistence unit 'default'
""2022-03-15 23:38:10,918 INFO  [Thread-82] com.zaxxer.hikari.HikariDataSource : HikariPool-20 - Shutdown initiated...
""2022-03-15 23:38:10,930 INFO  [Thread-82] com.zaxxer.hikari.HikariDataSource : HikariPool-20 - Shutdown completed.
""2022-03-15 23:38:11,164 INFO  [restartedMain] com.Employee.EmployeeManagementApplication : Starting EmployeeManagementApplication using Java 11.0.2 on MGTECHLPT205 with PID 25328 (D:\SPRING\EmployeeManagement\target\classes started by krityangan.rahul in D:\SPRING\EmployeeManagement)
""2022-03-15 23:38:11,164 INFO  [restartedMain] com.Employee.EmployeeManagementApplication : No active profile set, falling back to 1 default profile: "default"
""2022-03-15 23:38:15,715 INFO  [restartedMain] org.springframework.data.repository.config.RepositoryConfigurationDelegate : Bootstrapping Spring Data JPA repositories in DEFAULT mode.
""2022-03-15 23:38:15,935 INFO  [restartedMain] org.springframework.data.repository.config.RepositoryConfigurationDelegate : Finished Spring Data repository scanning in 219 ms. Found 3 JPA repository interfaces.
""2022-03-15 23:38:16,155 INFO  [restartedMain] org.springframework.boot.web.embedded.tomcat.TomcatWebServer : Tomcat initialized with port(s): 8080 (http)
""2022-03-15 23:38:16,157 INFO  [restartedMain] org.apache.catalina.core.StandardService : Starting service [Tomcat]
""2022-03-15 23:38:16,157 INFO  [restartedMain] org.apache.catalina.core.StandardEngine : Starting Servlet engine: [Apache Tomcat/9.0.58]
""2022-03-15 23:38:16,210 INFO  [restartedMain] org.apache.catalina.core.ContainerBase.[Tomcat-1].[localhost].[/] : Initializing Spring embedded WebApplicationContext
""2022-03-15 23:38:16,211 INFO  [restartedMain] org.springframework.boot.web.servlet.context.ServletWebServerApplicationContext : Root WebApplicationContext: initialization completed in 5043 ms
""2022-03-15 23:38:16,308 INFO  [restartedMain] org.hibernate.jpa.internal.util.LogHelper : HHH000204: Processing PersistenceUnitInfo [name: default]
""2022-03-15 23:38:16,321 INFO  [restartedMain] com.zaxxer.hikari.HikariDataSource : HikariPool-21 - Starting...
""2022-03-15 23:38:16,388 INFO  [restartedMain] com.zaxxer.hikari.HikariDataSource : HikariPool-21 - Start completed.
""2022-03-15 23:38:16,389 INFO  [restartedMain] org.hibernate.dialect.Dialect : HHH000400: Using dialect: org.hibernate.dialect.SQLServerDialect
""2022-03-15 23:38:18,095 INFO  [restartedMain] org.hibernate.engine.transaction.jta.platform.internal.JtaPlatformInitiator : HHH000490: Using JtaPlatform implementation: [org.hibernate.engine.transaction.jta.platform.internal.NoJtaPlatform]
""2022-03-15 23:38:18,096 INFO  [restartedMain] org.springframework.orm.jpa.LocalContainerEntityManagerFactoryBean : Initialized JPA EntityManagerFactory for persistence unit 'default'
""2022-03-15 23:38:18,319 WARN  [restartedMain] org.springframework.boot.autoconfigure.orm.jpa.JpaBaseConfiguration$JpaWebConfiguration : spring.jpa.open-in-view is enabled by default. Therefore, database queries may be performed during view rendering. Explicitly configure spring.jpa.open-in-view to disable this warning
""2022-03-15 23:38:18,481 INFO  [restartedMain] org.springframework.boot.devtools.autoconfigure.OptionalLiveReloadServer : LiveReload server is running on port 35729
""2022-03-15 23:38:18,500 INFO  [restartedMain] org.springframework.boot.web.embedded.tomcat.TomcatWebServer : Tomcat started on port(s): 8080 (http) with context path ''
""2022-03-15 23:38:18,507 INFO  [restartedMain] com.Employee.EmployeeManagementApplication : Started EmployeeManagementApplication in 7.421 seconds (JVM running for 102031.338)
""2022-03-15 23:38:18,510 INFO  [restartedMain] org.springframework.boot.devtools.autoconfigure.ConditionEvaluationDeltaLoggingListener : Condition evaluation unchanged
""2022-03-15 23:38:18,511 INFO  [restartedMain] com.Employee.EmployeeManagementApplication : Service Started at port 8080
""2022-03-15 23:38:47,845 INFO  [Thread-86] org.springframework.orm.jpa.LocalContainerEntityManagerFactoryBean : Closing JPA EntityManagerFactory for persistence unit 'default'
""2022-03-15 23:38:47,847 INFO  [Thread-86] com.zaxxer.hikari.HikariDataSource : HikariPool-21 - Shutdown initiated...
""2022-03-15 23:38:47,853 INFO  [Thread-86] com.zaxxer.hikari.HikariDataSource : HikariPool-21 - Shutdown completed.
""2022-03-15 23:38:48,031 INFO  [restartedMain] com.Employee.EmployeeManagementApplication : Starting EmployeeManagementApplication using Java 11.0.2 on MGTECHLPT205 with PID 25328 (D:\SPRING\EmployeeManagement\target\classes started by krityangan.rahul in D:\SPRING\EmployeeManagement)
""2022-03-15 23:38:48,032 INFO  [restartedMain] com.Employee.EmployeeManagementApplication : No active profile set, falling back to 1 default profile: "default"
""2022-03-15 23:38:52,194 INFO  [restartedMain] org.springframework.data.repository.config.RepositoryConfigurationDelegate : Bootstrapping Spring Data JPA repositories in DEFAULT mode.
""2022-03-15 23:38:52,317 INFO  [restartedMain] org.springframework.data.repository.config.RepositoryConfigurationDelegate : Finished Spring Data repository scanning in 122 ms. Found 3 JPA repository interfaces.
""2022-03-15 23:38:52,452 INFO  [restartedMain] org.springframework.boot.web.embedded.tomcat.TomcatWebServer : Tomcat initialized with port(s): 8080 (http)
""2022-03-15 23:38:52,454 INFO  [restartedMain] org.apache.catalina.core.StandardService : Starting service [Tomcat]
""2022-03-15 23:38:52,454 INFO  [restartedMain] org.apache.catalina.core.StandardEngine : Starting Servlet engine: [Apache Tomcat/9.0.58]
""2022-03-15 23:38:52,499 INFO  [restartedMain] org.apache.catalina.core.ContainerBase.[Tomcat-1].[localhost].[/] : Initializing Spring embedded WebApplicationContext
""2022-03-15 23:38:52,500 INFO  [restartedMain] org.springframework.boot.web.servlet.context.ServletWebServerApplicationContext : Root WebApplicationContext: initialization completed in 4464 ms
""2022-03-15 23:38:52,574 INFO  [restartedMain] org.hibernate.jpa.internal.util.LogHelper : HHH000204: Processing PersistenceUnitInfo [name: default]
""2022-03-15 23:38:52,581 INFO  [restartedMain] com.zaxxer.hikari.HikariDataSource : HikariPool-22 - Starting...
""2022-03-15 23:38:52,615 INFO  [restartedMain] com.zaxxer.hikari.HikariDataSource : HikariPool-22 - Start completed.
""2022-03-15 23:38:52,615 INFO  [restartedMain] org.hibernate.dialect.Dialect : HHH000400: Using dialect: org.hibernate.dialect.SQLServerDialect
""2022-03-15 23:38:52,821 INFO  [restartedMain] org.hibernate.engine.transaction.jta.platform.internal.JtaPlatformInitiator : HHH000490: Using JtaPlatform implementation: [org.hibernate.engine.transaction.jta.platform.internal.NoJtaPlatform]
""2022-03-15 23:38:52,821 INFO  [restartedMain] org.springframework.orm.jpa.LocalContainerEntityManagerFactoryBean : Initialized JPA EntityManagerFactory for persistence unit 'default'
""2022-03-15 23:38:53,004 WARN  [restartedMain] org.springframework.boot.autoconfigure.orm.jpa.JpaBaseConfiguration$JpaWebConfiguration : spring.jpa.open-in-view is enabled by default. Therefore, database queries may be performed during view rendering. Explicitly configure spring.jpa.open-in-view to disable this warning
""2022-03-15 23:38:53,125 INFO  [restartedMain] org.springframework.boot.devtools.autoconfigure.OptionalLiveReloadServer : LiveReload server is running on port 35729
""2022-03-15 23:38:53,137 INFO  [restartedMain] org.springframework.boot.web.embedded.tomcat.TomcatWebServer : Tomcat started on port(s): 8080 (http) with context path ''
""2022-03-15 23:38:53,141 INFO  [restartedMain] com.Employee.EmployeeManagementApplication : Started EmployeeManagementApplication in 5.176 seconds (JVM running for 102065.972)
""2022-03-15 23:38:53,143 INFO  [restartedMain] org.springframework.boot.devtools.autoconfigure.ConditionEvaluationDeltaLoggingListener : Condition evaluation unchanged
""2022-03-15 23:38:53,143 INFO  [restartedMain] com.Employee.EmployeeManagementApplication : Service Started at port 8080
""2022-03-15 23:38:57,618 INFO  [Thread-90] org.springframework.orm.jpa.LocalContainerEntityManagerFactoryBean : Closing JPA EntityManagerFactory for persistence unit 'default'
""2022-03-15 23:38:57,623 INFO  [Thread-90] com.zaxxer.hikari.HikariDataSource : HikariPool-22 - Shutdown initiated...
""2022-03-15 23:38:57,639 INFO  [Thread-90] com.zaxxer.hikari.HikariDataSource : HikariPool-22 - Shutdown completed.
""2022-03-15 23:38:57,952 INFO  [restartedMain] com.Employee.EmployeeManagementApplication : Starting EmployeeManagementApplication using Java 11.0.2 on MGTECHLPT205 with PID 25328 (D:\SPRING\EmployeeManagement\target\classes started by krityangan.rahul in D:\SPRING\EmployeeManagement)
""2022-03-15 23:38:57,953 INFO  [restartedMain] com.Employee.EmployeeManagementApplication : No active profile set, falling back to 1 default profile: "default"
""2022-03-15 23:39:02,571 INFO  [restartedMain] org.springframework.data.repository.config.RepositoryConfigurationDelegate : Bootstrapping Spring Data JPA repositories in DEFAULT mode.
""2022-03-15 23:39:02,865 INFO  [restartedMain] org.springframework.data.repository.config.RepositoryConfigurationDelegate : Finished Spring Data repository scanning in 293 ms. Found 3 JPA repository interfaces.
""2022-03-15 23:39:03,027 INFO  [restartedMain] org.springframework.boot.web.embedded.tomcat.TomcatWebServer : Tomcat initialized with port(s): 8080 (http)
""2022-03-15 23:39:03,028 INFO  [restartedMain] org.apache.catalina.core.StandardService : Starting service [Tomcat]
""2022-03-15 23:39:03,029 INFO  [restartedMain] org.apache.catalina.core.StandardEngine : Starting Servlet engine: [Apache Tomcat/9.0.58]
""2022-03-15 23:39:03,062 INFO  [restartedMain] org.apache.catalina.core.ContainerBase.[Tomcat-1].[localhost].[/] : Initializing Spring embedded WebApplicationContext
""2022-03-15 23:39:03,063 INFO  [restartedMain] org.springframework.boot.web.servlet.context.ServletWebServerApplicationContext : Root WebApplicationContext: initialization completed in 5104 ms
""2022-03-15 23:39:03,148 INFO  [restartedMain] org.hibernate.jpa.internal.util.LogHelper : HHH000204: Processing PersistenceUnitInfo [name: default]
""2022-03-15 23:39:03,155 INFO  [restartedMain] com.zaxxer.hikari.HikariDataSource : HikariPool-23 - Starting...
""2022-03-15 23:39:03,197 INFO  [restartedMain] com.zaxxer.hikari.HikariDataSource : HikariPool-23 - Start completed.
""2022-03-15 23:39:03,198 INFO  [restartedMain] org.hibernate.dialect.Dialect : HHH000400: Using dialect: org.hibernate.dialect.SQLServerDialect
""2022-03-15 23:39:03,372 INFO  [restartedMain] org.hibernate.engine.transaction.jta.platform.internal.JtaPlatformInitiator : HHH000490: Using JtaPlatform implementation: [org.hibernate.engine.transaction.jta.platform.internal.NoJtaPlatform]
""2022-03-15 23:39:03,373 INFO  [restartedMain] org.springframework.orm.jpa.LocalContainerEntityManagerFactoryBean : Initialized JPA EntityManagerFactory for persistence unit 'default'
""2022-03-15 23:39:03,555 WARN  [restartedMain] org.springframework.boot.autoconfigure.orm.jpa.JpaBaseConfiguration$JpaWebConfiguration : spring.jpa.open-in-view is enabled by default. Therefore, database queries may be performed during view rendering. Explicitly configure spring.jpa.open-in-view to disable this warning
""2022-03-15 23:39:03,680 INFO  [restartedMain] org.springframework.boot.devtools.autoconfigure.OptionalLiveReloadServer : LiveReload server is running on port 35729
""2022-03-15 23:39:03,694 INFO  [restartedMain] org.springframework.boot.web.embedded.tomcat.TomcatWebServer : Tomcat started on port(s): 8080 (http) with context path ''
""2022-03-15 23:39:03,699 INFO  [restartedMain] com.Employee.EmployeeManagementApplication : Started EmployeeManagementApplication in 5.825 seconds (JVM running for 102076.53)
""2022-03-15 23:39:03,701 INFO  [restartedMain] org.springframework.boot.devtools.autoconfigure.ConditionEvaluationDeltaLoggingListener : Condition evaluation unchanged
""2022-03-15 23:39:03,702 INFO  [restartedMain] com.Employee.EmployeeManagementApplication : Service Started at port 8080
""2022-03-15 23:39:26,076 INFO  [Thread-94] org.springframework.orm.jpa.LocalContainerEntityManagerFactoryBean : Closing JPA EntityManagerFactory for persistence unit 'default'
""2022-03-15 23:39:26,081 INFO  [Thread-94] com.zaxxer.hikari.HikariDataSource : HikariPool-23 - Shutdown initiated...
""2022-03-15 23:39:26,093 INFO  [Thread-94] com.zaxxer.hikari.HikariDataSource : HikariPool-23 - Shutdown completed.
"